<?xml version="1.0" encoding="UTF-8"?>
<testsuite name="ru.atom.HelloWorldTest" tests="1" skipped="0" failures="0" errors="0" timestamp="2017-02-22T17:07:54" hostname="Antonio" time="0.036">
  <properties/>
  <testcase name="getHelloWorld" classname="ru.atom.HelloWorldTest" time="0.036"/>
  <system-out><![CDATA[]]></system-out>
  <system-err><![CDATA[]]></system-err>
</testsuite>
